{"sessionId":"34c522","runId":"post-fix","hypothesisId":"H-A","location":"Program.cs:startup","message":"Host gating enabled","data":{"patientHost":"localhost:7040","adminHost":"localhost:7041","urls":[]},"timestamp":1779108207466}
{"sessionId":"34c522","runId":"post-fix","hypothesisId":"H-E","location":"Program.cs:host-gate","message":"Request passed host gate","data":{"host":"localhost:7041","path":"/AdminAuth/Login","isAdminPath":true},"timestamp":1779108215235}
{"sessionId":"34c522","runId":"post-fix","hypothesisId":"H-D","location":"Program.cs:host-gate","message":"Admin host root redirect","data":{"host":"localhost:7041","path":"/"},"timestamp":1779108215419}
{"sessionId":"34c522","runId":"post-fix","hypothesisId":"H-B","location":"Program.cs:host-gate","message":"Blocked admin path on patient host","data":{"host":"localhost:7040","path":"/Admin/Dashboard"},"timestamp":1779108215483}
{"sessionId":"34c522","runId":"post-fix","hypothesisId":"H-D","location":"Program.cs:host-gate","message":"Admin host root redirect","data":{"host":"localhost:7041","path":"/"},"timestamp":1779108226238}
{"sessionId":"34c522","runId":"post-fix","hypothesisId":"H-E","location":"Program.cs:host-gate","message":"Request passed host gate","data":{"host":"localhost:7041","path":"/AdminAuth/Login","isAdminPath":true},"timestamp":1779108226297}
{"sessionId":"34c522","runId":"post-fix","hypothesisId":"H-B","location":"Program.cs:host-gate","message":"Blocked admin path on patient host","data":{"host":"localhost:7040","path":"/Admin/Dashboard"},"timestamp":1779108226374}
{"sessionId":"34c522","runId":"post-fix","hypothesisId":"H-A","location":"Program.cs:startup","message":"Host gating enabled","data":{"patientHost":"localhost:7040","adminHost":"localhost:7041","urls":[]},"timestamp":1779109375428}
{"sessionId":"34c522","runId":"post-fix","hypothesisId":"H-E","location":"Program.cs:host-gate","message":"Request passed host gate","data":{"host":"localhost:7041","path":"/AdminAuth/Login","isAdminPath":true},"timestamp":1779109403230}
{"sessionId":"34c522","runId":"post-fix","hypothesisId":"H-E","location":"Program.cs:host-gate","message":"Request passed host gate","data":{"host":"localhost:7041","path":"/AdminAuth/Login","isAdminPath":true},"timestamp":1779109491129}
{"sessionId":"34c522","runId":"post-fix","hypothesisId":"H-E","location":"Program.cs:host-gate","message":"Request passed host gate","data":{"host":"localhost:7041","path":"/AdminAuth/Login","isAdminPath":true},"timestamp":1779109933673}
{"sessionId":"34c522","runId":"post-fix","hypothesisId":"H-E","location":"Program.cs:host-gate","message":"Request passed host gate","data":{"host":"localhost:7041","path":"/AdminAuth/Login","isAdminPath":true},"timestamp":1779109960362}
{"sessionId":"34c522","runId":"post-fix","hypothesisId":"H-E","location":"Program.cs:host-gate","message":"Request passed host gate","data":{"host":"localhost:7041","path":"/AdminAuth/Login","isAdminPath":true},"timestamp":1779109972939}
{"sessionId":"34c522","runId":"post-fix","hypothesisId":"H-E","location":"Program.cs:host-gate","message":"Request passed host gate","data":{"host":"localhost:7041","path":"/Admin/Dashboard","isAdminPath":true},"timestamp":1779109973248}
{"sessionId":"34c522","runId":"post-fix","hypothesisId":"H-E","location":"Program.cs:host-gate","message":"Request passed host gate","data":{"host":"localhost:7041","path":"/Admin/Approvals","isAdminPath":true},"timestamp":1779109988908}
{"sessionId":"34c522","runId":"post-fix","hypothesisId":"H-E","location":"Program.cs:host-gate","message":"Request passed host gate","data":{"host":"localhost:7041","path":"/Admin/Dashboard","isAdminPath":true},"timestamp":1779109990557}
{"sessionId":"34c522","runId":"post-fix","hypothesisId":"H-E","location":"Program.cs:host-gate","message":"Request passed host gate","data":{"host":"localhost:7041","path":"/Admin/Approvals","isAdminPath":true},"timestamp":1779109991208}
{"sessionId":"34c522","runId":"post-fix","hypothesisId":"H-E","location":"Program.cs:host-gate","message":"Request passed host gate","data":{"host":"localhost:7041","path":"/Admin/Approvals","isAdminPath":true},"timestamp":1779109992054}
{"sessionId":"34c522","runId":"post-fix","hypothesisId":"H-E","location":"Program.cs:host-gate","message":"Request passed host gate","data":{"host":"localhost:7041","path":"/Admin/Approvals","isAdminPath":true},"timestamp":1779109992451}
{"sessionId":"34c522","runId":"post-fix","hypothesisId":"H-E","location":"Program.cs:host-gate","message":"Request passed host gate","data":{"host":"localhost:7041","path":"/Admin/Approvals","isAdminPath":true},"timestamp":1779109992839}
{"sessionId":"34c522","runId":"post-fix","hypothesisId":"H-E","location":"Program.cs:host-gate","message":"Request passed host gate","data":{"host":"localhost:7041","path":"/Admin/Dashboard","isAdminPath":true},"timestamp":1779109994593}
{"sessionId":"34c522","runId":"post-fix","hypothesisId":"H-E","location":"Program.cs:host-gate","message":"Request passed host gate","data":{"host":"localhost:7041","path":"/Admin/Dashboard","isAdminPath":true},"timestamp":1779109997043}
{"sessionId":"34c522","runId":"post-fix","hypothesisId":"H-E","location":"Program.cs:host-gate","message":"Request passed host gate","data":{"host":"localhost:7041","path":"/Admin/Users","isAdminPath":true},"timestamp":1779110005668}
{"sessionId":"34c522","runId":"post-fix","hypothesisId":"H-E","location":"Program.cs:host-gate","message":"Request passed host gate","data":{"host":"localhost:7041","path":"/Admin/Companies","isAdminPath":true},"timestamp":1779110009010}
{"sessionId":"34c522","runId":"post-fix","hypothesisId":"H-E","location":"Program.cs:host-gate","message":"Request passed host gate","data":{"host":"localhost:7041","path":"/Admin/Invite","isAdminPath":true},"timestamp":1779110010887}
{"sessionId":"34c522","runId":"post-fix","hypothesisId":"H-E","location":"Program.cs:host-gate","message":"Request passed host gate","data":{"host":"localhost:7041","path":"/Admin/Settings","isAdminPath":true},"timestamp":1779110015185}
{"sessionId":"34c522","runId":"post-fix","hypothesisId":"H-E","location":"Program.cs:host-gate","message":"Request passed host gate","data":{"host":"localhost:7041","path":"/Admin/Dashboard","isAdminPath":true},"timestamp":1779110019525}
{"sessionId":"34c522","runId":"post-fix","hypothesisId":"H-E","location":"Program.cs:host-gate","message":"Request passed host gate","data":{"host":"localhost:7041","path":"/Admin/Approvals","isAdminPath":true},"timestamp":1779110413423}
{"sessionId":"34c522","runId":"post-fix","hypothesisId":"H-E","location":"Program.cs:host-gate","message":"Request passed host gate","data":{"host":"localhost:7041","path":"/Admin/Approvals","isAdminPath":true},"timestamp":1779110415504}
{"sessionId":"34c522","runId":"post-fix","hypothesisId":"H-E","location":"Program.cs:host-gate","message":"Request passed host gate","data":{"host":"localhost:7041","path":"/Admin/Approvals","isAdminPath":true},"timestamp":1779110416406}
{"sessionId":"34c522","runId":"post-fix","hypothesisId":"H-E","location":"Program.cs:host-gate","message":"Request passed host gate","data":{"host":"localhost:7041","path":"/Admin/Approvals","isAdminPath":true},"timestamp":1779110417759}
{"sessionId":"34c522","runId":"post-fix","hypothesisId":"H-E","location":"Program.cs:host-gate","message":"Request passed host gate","data":{"host":"localhost:7041","path":"/Admin/Approvals","isAdminPath":true},"timestamp":1779110418476}
{"sessionId":"34c522","runId":"post-fix","hypothesisId":"H-E","location":"Program.cs:host-gate","message":"Request passed host gate","data":{"host":"localhost:7041","path":"/Admin/Approvals","isAdminPath":true},"timestamp":1779110422575}
{"sessionId":"34c522","runId":"post-fix","hypothesisId":"H-E","location":"Program.cs:host-gate","message":"Request passed host gate","data":{"host":"localhost:7041","path":"/Admin/Users","isAdminPath":true},"timestamp":1779110431326}
{"sessionId":"34c522","runId":"post-fix","hypothesisId":"H-E","location":"Program.cs:host-gate","message":"Request passed host gate","data":{"host":"localhost:7041","path":"/Admin/Companies","isAdminPath":true},"timestamp":1779110434577}
{"sessionId":"34c522","runId":"post-fix","hypothesisId":"H-E","location":"Program.cs:host-gate","message":"Request passed host gate","data":{"host":"localhost:7041","path":"/Admin/Invite","isAdminPath":true},"timestamp":1779110439473}
{"sessionId":"34c522","runId":"post-fix","hypothesisId":"H-E","location":"Program.cs:host-gate","message":"Request passed host gate","data":{"host":"localhost:7041","path":"/Admin/Settings","isAdminPath":true},"timestamp":1779110441154}
{"sessionId":"34c522","runId":"post-fix","hypothesisId":"H-E","location":"Program.cs:host-gate","message":"Request passed host gate","data":{"host":"localhost:7041","path":"/Admin/Dashboard","isAdminPath":true},"timestamp":1779110448001}
{"sessionId":"34c522","runId":"post-fix","hypothesisId":"H-A","location":"Program.cs:startup","message":"Host gating enabled","data":{"patientHost":"localhost:7040","adminHost":"localhost:7041","urls":[]},"timestamp":1779110580272}
{"sessionId":"34c522","runId":"post-fix","hypothesisId":"H-E","location":"Program.cs:host-gate","message":"Request passed host gate","data":{"host":"localhost:7041","path":"/Admin/Approvals","isAdminPath":true},"timestamp":1779110614262}
